[2026-07-09 10:17:21] [h] 灯灭 -> 可能断电或传感器异常
[2026-07-09 10:17:22] [h] 红灯常亮 -> 疑似 Power Supply Failure
[2026-07-09 10:17:27] [h] 红灯常亮 -> 疑似 Power Supply Failure
[2026-07-09 10:17:34] [h] 灯灭 -> 可能断电或传感器异常
[2026-07-09 10:17:40] [h] 灯灭 -> 可能断电或传感器异常
[2026-07-09 12:00:52] [41] 灯灭 -> 可能断电或传感器异常
[2026-07-09 12:00:52] [40] 灯灭 -> 可能断电或传感器异常
[2026-07-09 12:00:53] [40] 红灯常亮 -> 疑似 Power Supply Failure
[2026-07-09 12:00:53] [41] 红灯常亮 -> 疑似 Power Supply Failure
[2026-07-09 12:00:58] [40] 红灯常亮 -> 疑似 Power Supply Failure
[2026-07-09 12:00:58] [41] 红灯常亮 -> 疑似 Power Supply Failure
[2026-07-09 12:01:03] [41] 红灯常亮 -> 疑似 Power Supply Failure
[2026-07-09 12:01:08] [41] 红灯常亮 -> 疑似 Power Supply Failure
[2026-07-09 12:01:08] [40] 红灯常亮 -> 疑似 Power Supply Failure
[2026-07-09 12:01:13] [41] 红灯常亮 -> 疑似 Power Supply Failure
[2026-07-09 12:01:13] [40] 红灯常亮 -> 疑似 Power Supply Failure
[2026-07-09 12:01:18] [41] 红灯常亮 -> 疑似 Power Supply Failure
[2026-07-09 12:01:19] [40] 红灯常亮 -> 疑似 Power Supply Failure
[2026-07-09 13:06:11] [39] 红灯常亮 -> 疑似 Power Supply Failure
[2026-07-09 13:06:12] [42] 红灯常亮 -> 疑似 Power Supply Failure
[2026-07-09 13:06:12] [40] 红灯常亮 -> 疑似 Power Supply Failure
[2026-07-09 13:06:13] [41] 红灯常亮 -> 疑似 Power Supply Failure
[2026-07-09 13:10:38] [41] 红灯常亮 -> 疑似 Power Supply Failure
[2026-07-09 13:10:38] [40] 红灯常亮 -> 疑似 Power Supply Failure
[2026-07-09 13:10:43] [41] 红灯常亮 -> 疑似 Power Supply Failure
[2026-07-09 13:10:59] [42] 灯灭 -> 可能断电或传感器异常
[2026-07-09 13:10:59] [41] 灯灭 -> 可能断电或传感器异常
[2026-07-09 13:11:00] [39] 红灯常亮 -> 疑似 Power Supply Failure
[2026-07-09 13:16:41] [42] 红灯常亮 -> 疑似 Power Supply Failure
[2026-07-09 13:16:41] [41] 红灯常亮 -> 疑似 Power Supply Failure
[2026-07-09 13:16:41] [39] 红灯常亮 -> 疑似 Power Supply Failure
[2026-07-09 13:16:41] [40] 红灯常亮 -> 疑似 Power Supply Failure
[2026-07-09 13:16:42] [41] 红灯闪烁 -> 疑似严重故障/需要人工确认
[2026-07-09 13:16:42] [40] 红灯闪烁 -> 疑似严重故障/需要人工确认
[2026-07-09 13:16:43] [41] 灯灭 -> 可能断电或传感器异常
[2026-07-09 13:16:43] [42] 红灯闪烁 -> 疑似严重故障/需要人工确认
[2026-07-09 13:16:51] [40] 红灯闪烁 -> 疑似严重故障/需要人工确认
[2026-07-09 13:17:32] [41] 红灯常亮 -> 疑似 Power Supply Failure
[2026-07-09 13:17:55] [41] 红灯常亮 -> 疑似 Power Supply Failure
[2026-07-09 13:17:55] [40] 红灯闪烁 -> 疑似严重故障/需要人工确认
[2026-07-09 13:18:12] [42] 灯灭 -> 可能断电或传感器异常
[2026-07-09 13:18:13] [41] 灯灭 -> 可能断电或传感器异常
[2026-07-09 13:18:23] [39] 红灯闪烁 -> 疑似严重故障/需要人工确认
[2026-07-09 13:18:36] [40] 黄灯闪烁 -> 警告状态，建议关注
[2026-07-09 13:18:36] [39] 黄灯闪烁 -> 警告状态，建议关注
[2026-07-09 13:18:39] [41] 黄灯闪烁 -> 警告状态，建议关注
[2026-07-09 13:18:41] [40] 黄灯闪烁 -> 警告状态，建议关注
[2026-07-09 13:18:41] [39] 黄灯闪烁 -> 警告状态，建议关注
[2026-07-09 13:18:42] [42] 黄灯闪烁 -> 警告状态，建议关注
[2026-07-09 13:18:44] [41] 黄灯闪烁 -> 警告状态，建议关注
[2026-07-09 17:03:13] [42] 灯灭 -> 可能断电或传感器异常
[2026-07-09 17:03:13] [41] 灯灭 -> 可能断电或传感器异常
[2026-07-09 17:03:13] [40] 灯灭 -> 可能断电或传感器异常
[2026-07-09 17:03:13] [39] 灯灭 -> 可能断电或传感器异常
[2026-07-09 17:03:15] [41] 红灯闪烁 -> 疑似严重故障/需要人工确认
[2026-07-09 17:03:15] [40] 红灯闪烁 -> 疑似严重故障/需要人工确认
[2026-07-09 17:03:17] [41] 红灯常亮 -> 疑似 Power Supply Failure
[2026-07-09 17:03:20] [41] 红灯闪烁 -> 疑似严重故障/需要人工确认
[2026-07-09 17:03:21] [40] 红灯闪烁 -> 疑似严重故障/需要人工确认
[2026-07-09 17:03:22] [41] 红灯常亮 -> 疑似 Power Supply Failure
[2026-07-09 17:03:26] [41] 红灯闪烁 -> 疑似严重故障/需要人工确认
[2026-07-09 17:03:26] [40] 红灯闪烁 -> 疑似严重故障/需要人工确认
[2026-07-09 17:03:27] [41] 红灯常亮 -> 疑似 Power Supply Failure
[2026-07-09 17:03:31] [40] 红灯闪烁 -> 疑似严重故障/需要人工确认
[2026-07-09 17:03:32] [41] 红灯常亮 -> 疑似 Power Supply Failure
[2026-07-09 17:03:36] [40] 红灯闪烁 -> 疑似严重故障/需要人工确认
[2026-07-09 17:03:37] [41] 红灯常亮 -> 疑似 Power Supply Failure
[2026-07-09 17:03:40] [41] 红灯闪烁 -> 疑似严重故障/需要人工确认
[2026-07-09 17:03:41] [39] 红灯闪烁 -> 疑似严重故障/需要人工确认
[2026-07-09 17:03:41] [39] 红灯常亮 -> 疑似 Power Supply Failure
[2026-07-09 17:03:46] [39] 红灯闪烁 -> 疑似严重故障/需要人工确认
[2026-07-09 17:03:47] [39] 黄灯闪烁 -> 警告状态，建议关注
[2026-07-09 17:03:50] [42] 黄灯闪烁 -> 警告状态，建议关注
[2026-07-09 17:03:50] [41] 黄灯闪烁 -> 警告状态，建议关注
[2026-07-09 17:03:50] [40] 黄灯闪烁 -> 警告状态，建议关注
[2026-07-09 17:03:53] [39] 黄灯闪烁 -> 警告状态，建议关注
[2026-07-09 17:03:55] [41] 黄灯闪烁 -> 警告状态，建议关注
[2026-07-09 17:03:55] [40] 黄灯闪烁 -> 警告状态，建议关注
[2026-07-09 17:03:55] [42] 黄灯闪烁 -> 警告状态，建议关注
[2026-07-09 17:03:59] [40] 红灯闪烁 -> 疑似严重故障/需要人工确认
